# Logfile created on Sun Dec 16 13:48:06 -0800 2007 by logger.rb/1.5.2.9
[ERROR] #38693 2007-12-16 13:48:10.48554 <Skynet> STARTING MANAGER 
[ERROR] #38693 2007-12-16 13:48:10.89662 <MANAGER> Starting 4 workers.  0 already running. 
[ERROR] #38693 2007-12-16 13:48:10.89922 <MANAGER> Adding 4 WORKERS. Task Workers: 2, Master Workers: 0 Master & Task Workers: 2 
[ERROR] #38693 2007-12-16 13:48:10.91940 <MANAGER> Adding Worker #1 PID: 38697 WORKER_TYPE?:task 
[ERROR] #38693 2007-12-16 13:48:10.104896 <MANAGER> Adding Worker #2 PID: 38698 WORKER_TYPE?:task 
[ERROR] #38693 2007-12-16 13:48:10.131977 <MANAGER> Adding Worker #3 PID: 38699 WORKER_TYPE?:any 
[ERROR] #38693 2007-12-16 13:48:10.203838 <MANAGER> Adding Worker #4 PID: 38700 WORKER_TYPE?:any 
[ERROR] #38693 2007-12-16 13:48:10.214819 <MANAGER> DISTRO [{:any=>2, :task=>2, :master=>0}]
[ERROR] #38693 2007-12-16 13:48:10.219610 <MANAGER> Checking started workers, 0 out of 4 after the 1th try... 
[ERROR] #38697 2007-12-16 13:48:12.279163 <Skynet> STARTING WORKER 
[ERROR] #38698 2007-12-16 13:48:12.347062 <Skynet> STARTING WORKER 
[ERROR] #38699 2007-12-16 13:48:12.422812 <Skynet> STARTING WORKER 
[ERROR] #38700 2007-12-16 13:48:12.422851 <Skynet> STARTING WORKER 
[ERROR] #38693 2007-12-16 13:48:14.222861 <MANAGER> Checking started workers, 4 out of 4 after the 2th try... 
[ERROR] #38693 2007-12-16 13:48:14.223069 <MANAGER> FINISHED STARTING ALL 4 WORKERS 
[ERROR] #38693 2007-12-16 13:48:39.16030 <MANAGER> SHUTTING DOWN 38699 MR:  
[ERROR] #38693 2007-12-16 13:48:39.16351 <MANAGER> SHUTTING DOWN 38700 MR:  
[ERROR] #38697 2007-12-16 13:48:39.469756 <WORKER-38697> Exiting... 
[FATAL] #38697 2007-12-16 13:48:39.474372 <WORKER-38697> WORKER 38697 DYING Skynet::RequestExpiredError Skynet::RequestExpiredError /Users/apisoni/geni/dev/skynet/bin/../lib/skynet/message_queue_adapters/tuple_space.rb:227:in `ts_command'/Users/apisoni/geni/dev/skynet/bin/../lib/skynet/message_queue_adapters/tuple_space.rb:174:in `take'/Users/apisoni/geni/dev/skynet/bin/../lib/skynet/message_queue_adapters/tuple_space.rb:78:in `take_worker_status'/Users/apisoni/geni/dev/skynet/bin/../lib/skynet/skynet_worker.rb:97:in `take_worker_status'/Users/apisoni/geni/dev/skynet/bin/../lib/skynet/skynet_worker.rb:138:in `notify_worker_stop'/Users/apisoni/geni/dev/skynet/bin/../lib/skynet/skynet_worker.rb:258:in `start'/Users/apisoni/geni/dev/skynet/bin/../lib/skynet/skynet_worker.rb:170:in `loop'/Users/apisoni/geni/dev/skynet/bin/../lib/skynet/skynet_worker.rb:170:in `start'/Users/apisoni/geni/dev/skynet/bin/../lib/skynet/skynet_worker.rb:358:in `start'/Users/apisoni/geni/dev/skynet/bin/../lib/skynet/skynet_launcher.rb:6:in `new'/Users/apisoni/geni/dev/skynet/bin/skynet:17 
[ERROR] #38698 2007-12-16 13:48:39.595163 <WORKER-38698> Exiting... 
[FATAL] #38698 2007-12-16 13:48:39.602075 <WORKER-38698> WORKER 38698 DYING Skynet::RequestExpiredError Skynet::RequestExpiredError /Users/apisoni/geni/dev/skynet/bin/../lib/skynet/message_queue_adapters/tuple_space.rb:227:in `ts_command'/Users/apisoni/geni/dev/skynet/bin/../lib/skynet/message_queue_adapters/tuple_space.rb:174:in `take'/Users/apisoni/geni/dev/skynet/bin/../lib/skynet/message_queue_adapters/tuple_space.rb:78:in `take_worker_status'/Users/apisoni/geni/dev/skynet/bin/../lib/skynet/skynet_worker.rb:97:in `take_worker_status'/Users/apisoni/geni/dev/skynet/bin/../lib/skynet/skynet_worker.rb:138:in `notify_worker_stop'/Users/apisoni/geni/dev/skynet/bin/../lib/skynet/skynet_worker.rb:258:in `start'/Users/apisoni/geni/dev/skynet/bin/../lib/skynet/skynet_worker.rb:170:in `loop'/Users/apisoni/geni/dev/skynet/bin/../lib/skynet/skynet_worker.rb:170:in `start'/Users/apisoni/geni/dev/skynet/bin/../lib/skynet/skynet_worker.rb:358:in `start'/Users/apisoni/geni/dev/skynet/bin/../lib/skynet/skynet_launcher.rb:6:in `new'/Users/apisoni/geni/dev/skynet/bin/skynet:17 
[ERROR] #38699 2007-12-16 13:48:39.698919 <WORKER-38699> Exiting... 
[FATAL] #38699 2007-12-16 13:48:39.701947 <WORKER-38699> WORKER 38699 DYING Skynet::RequestExpiredError Skynet::RequestExpiredError /Users/apisoni/geni/dev/skynet/bin/../lib/skynet/message_queue_adapters/tuple_space.rb:227:in `ts_command'/Users/apisoni/geni/dev/skynet/bin/../lib/skynet/message_queue_adapters/tuple_space.rb:174:in `take'/Users/apisoni/geni/dev/skynet/bin/../lib/skynet/message_queue_adapters/tuple_space.rb:78:in `take_worker_status'/Users/apisoni/geni/dev/skynet/bin/../lib/skynet/skynet_worker.rb:97:in `take_worker_status'/Users/apisoni/geni/dev/skynet/bin/../lib/skynet/skynet_worker.rb:138:in `notify_worker_stop'/Users/apisoni/geni/dev/skynet/bin/../lib/skynet/skynet_worker.rb:258:in `start'/Users/apisoni/geni/dev/skynet/bin/../lib/skynet/skynet_worker.rb:170:in `loop'/Users/apisoni/geni/dev/skynet/bin/../lib/skynet/skynet_worker.rb:170:in `start'/Users/apisoni/geni/dev/skynet/bin/../lib/skynet/skynet_worker.rb:358:in `start'/Users/apisoni/geni/dev/skynet/bin/../lib/skynet/skynet_launcher.rb:6:in `new'/Users/apisoni/geni/dev/skynet/bin/skynet:17 
[ERROR] #38700 2007-12-16 13:48:39.788697 <WORKER-38700> Exiting... 
[FATAL] #38700 2007-12-16 13:48:39.792239 <WORKER-38700> WORKER 38700 DYING Skynet::RequestExpiredError Skynet::RequestExpiredError /Users/apisoni/geni/dev/skynet/bin/../lib/skynet/message_queue_adapters/tuple_space.rb:227:in `ts_command'/Users/apisoni/geni/dev/skynet/bin/../lib/skynet/message_queue_adapters/tuple_space.rb:174:in `take'/Users/apisoni/geni/dev/skynet/bin/../lib/skynet/message_queue_adapters/tuple_space.rb:78:in `take_worker_status'/Users/apisoni/geni/dev/skynet/bin/../lib/skynet/skynet_worker.rb:97:in `take_worker_status'/Users/apisoni/geni/dev/skynet/bin/../lib/skynet/skynet_worker.rb:138:in `notify_worker_stop'/Users/apisoni/geni/dev/skynet/bin/../lib/skynet/skynet_worker.rb:258:in `start'/Users/apisoni/geni/dev/skynet/bin/../lib/skynet/skynet_worker.rb:170:in `loop'/Users/apisoni/geni/dev/skynet/bin/../lib/skynet/skynet_worker.rb:170:in `start'/Users/apisoni/geni/dev/skynet/bin/../lib/skynet/skynet_worker.rb:358:in `start'/Users/apisoni/geni/dev/skynet/bin/../lib/skynet/skynet_launcher.rb:6:in `new'/Users/apisoni/geni/dev/skynet/bin/skynet:17 
[ERROR] #38693 2007-12-16 13:48:54.273721 <MANAGER> Missing worker 38698 from worker queue. Removing and/or killing. 
[ERROR] #38693 2007-12-16 13:48:54.283175 <MANAGER> Missing worker 38697 from worker queue. Removing and/or killing. 
[FATAL] #38693 2007-12-16 13:48:55.311967 <MANAGER> Manager Exiting! 
